  [1m[35m (81.0ms)[0m  [1m[35mCREATE DATABASE "VirtualMeetup_development" ENCODING = 'unicode'[0m
  [1m[35m (108.3ms)[0m  [1m[35mCREATE DATABASE "VirtualMeetup_test" ENCODING = 'unicode'[0m
Started GET "/" for 127.0.0.1 at 2020-03-28 12:05:22 -0400
Processing by Rails::WelcomeController#index as HTML
  Rendering /Library/Ruby/Gems/2.6.0/gems/railties-6.0.2.2/lib/rails/templates/rails/welcome/index.html.erb
  Rendered /Library/Ruby/Gems/2.6.0/gems/railties-6.0.2.2/lib/rails/templates/rails/welcome/index.html.erb (Duration: 9.5ms | Allocations: 478)
Completed 200 OK in 40ms (Views: 17.5ms | ActiveRecord: 0.0ms | Allocations: 2725)


Started GET "/" for 127.0.0.1 at 2020-03-28 12:13:22 -0400
Processing by Rails::WelcomeController#index as HTML
  Rendering /Library/Ruby/Gems/2.6.0/gems/railties-6.0.2.2/lib/rails/templates/rails/welcome/index.html.erb
  Rendered /Library/Ruby/Gems/2.6.0/gems/railties-6.0.2.2/lib/rails/templates/rails/welcome/index.html.erb (Duration: 35.2ms | Allocations: 315)
Completed 200 OK in 54ms (Views: 39.6ms | ActiveRecord: 0.0ms | Allocations: 1702)


Started GET "/" for 127.0.0.1 at 2020-03-28 12:14:30 -0400
Processing by HomepageController#index as HTML
  Rendering homepage/index.html.erb within layouts/application
  Rendered homepage/index.html.erb within layouts/application (Duration: 1.1ms | Allocations: 204)
[Webpacker] Compiling...
Started GET "/" for 127.0.0.1 at 2020-03-28 12:14:33 -0400
Processing by HomepageController#index as HTML
  Rendering homepage/index.html.erb within layouts/application
  Rendered homepage/index.html.erb within layouts/application (Duration: 0.0ms | Allocations: 5)
[Webpacker] Compiling...
[Webpacker] Compiled all packs in /Users/shashwatsingh/Desktop/quarantine2020/VirtualMeetup/public/packs
[Webpacker] Hash: 32e57f147dbdcbbf0c82
Version: webpack 4.42.1
Time: 3030ms
Built at: 03/28/2020 12:14:35 PM
                                     Asset       Size       Chunks                         Chunk Names
    js/application-bbe9c4a129ab949e0636.js    124 KiB  application  [emitted] [immutable]  application
js/application-bbe9c4a129ab949e0636.js.map    139 KiB  application  [emitted] [dev]        application
                             manifest.json  364 bytes               [emitted]              
Entrypoint application = js/application-bbe9c4a129ab949e0636.js js/application-bbe9c4a129ab949e0636.js.map
[./app/javascript/channels sync recursive _channel\.js$] ./app/javascript/channels sync _channel\.js$ 160 bytes {application} [built]
[./app/javascript/channels/index.js] 211 bytes {application} [built]
[./app/javascript/packs/application.js] 749 bytes {application} [built]
[./node_modules/webpack/buildin/module.js] (webpack)/buildin/module.js 552 bytes {application} [built]
    + 3 hidden modules

Completed 200 OK in 5369ms (Views: 5358.1ms | ActiveRecord: 0.0ms | Allocations: 25913)


[Webpacker] Compiled all packs in /Users/shashwatsingh/Desktop/quarantine2020/VirtualMeetup/public/packs
[Webpacker] Hash: 32e57f147dbdcbbf0c82
Version: webpack 4.42.1
Time: 950ms
Built at: 03/28/2020 12:14:37 PM
                                     Asset       Size       Chunks                         Chunk Names
    js/application-bbe9c4a129ab949e0636.js    124 KiB  application  [emitted] [immutable]  application
js/application-bbe9c4a129ab949e0636.js.map    139 KiB  application  [emitted] [dev]        application
                             manifest.json  364 bytes               [emitted]              
Entrypoint application = js/application-bbe9c4a129ab949e0636.js js/application-bbe9c4a129ab949e0636.js.map
[./app/javascript/channels sync recursive _channel\.js$] ./app/javascript/channels sync _channel\.js$ 160 bytes {application} [built]
[./app/javascript/channels/index.js] 211 bytes {application} [built]
[./app/javascript/packs/application.js] 749 bytes {application} [built]
[./node_modules/webpack/buildin/module.js] (webpack)/buildin/module.js 552 bytes {application} [built]
    + 3 hidden modules

Completed 200 OK in 3433ms (Views: 3431.9ms | ActiveRecord: 0.0ms | Allocations: 6824)


Started GET "/" for 127.0.0.1 at 2020-03-28 12:15:26 -0400
Processing by HomepageController#index as HTML
  Rendering homepage/index.html.erb within layouts/application
  Rendered homepage/index.html.erb within layouts/application (Duration: 0.3ms | Allocations: 72)
[Webpacker] Everything's up-to-date. Nothing to do
Completed 200 OK in 36ms (Views: 34.6ms | ActiveRecord: 0.0ms | Allocations: 4826)


Started GET "/" for 127.0.0.1 at 2020-03-28 12:20:19 -0400
Processing by HomepageController#index as HTML
  Rendering homepage/index.html.erb within layouts/application
  Rendered homepage/index.html.erb within layouts/application (Duration: 0.2ms | Allocations: 76)
Completed 500 Internal Server Error in 18ms (ActiveRecord: 0.0ms | Allocations: 13053)


  
ActionView::Template::Error (The asset "application.js" is not present in the asset pipeline.):
     6:     <%= csp_meta_tag %>
     7: 
     8:     <%= stylesheet_link_tag    'application', media: 'all', 'data-turbolinks-track': 'reload' %>
     9:     <%= javascript_include_tag 'application', 'data-turbolinks-track': 'reload' %>
    10:     <meta name="viewport" content="width=device-width, initial-scale=1, shrink-to-fit=no">
    11:     <%= javascript_pack_tag 'Index' %>
    12:   </head>
  
app/views/layouts/application.html.erb:9
Started GET "/" for 127.0.0.1 at 2020-03-28 12:20:35 -0400
Processing by HomepageController#index as HTML
  Rendering homepage/index.html.erb within layouts/application
  Rendered homepage/index.html.erb within layouts/application (Duration: 0.8ms | Allocations: 190)
Completed 500 Internal Server Error in 36ms (ActiveRecord: 0.0ms | Allocations: 12148)


  
ActionView::Template::Error (The asset "application.js" is not present in the asset pipeline.):
     6:     <%= csp_meta_tag %>
     7: 
     8:     <%= stylesheet_link_tag    'application', media: 'all', 'data-turbolinks-track': 'reload' %>
     9:     <%= javascript_include_tag 'application', 'data-turbolinks-track': 'reload' %>
    10:     <meta name="viewport" content="width=device-width, initial-scale=1, shrink-to-fit=no">
    11:     <%= javascript_pack_tag 'Index' %>
    12:   </head>
  
app/views/layouts/application.html.erb:9
Started GET "/" for 127.0.0.1 at 2020-03-28 12:21:27 -0400
Processing by HomepageController#index as HTML
  Rendering homepage/index.html.erb within layouts/application
  Rendered homepage/index.html.erb within layouts/application (Duration: 0.3ms | Allocations: 77)
[Webpacker] Everything's up-to-date. Nothing to do
Completed 200 OK in 16ms (Views: 14.7ms | ActiveRecord: 0.0ms | Allocations: 4884)


Started GET "/" for 127.0.0.1 at 2020-03-28 12:21:29 -0400
Processing by HomepageController#index as HTML
  Rendering homepage/index.html.erb within layouts/application
  Rendered homepage/index.html.erb within layouts/application (Duration: 0.0ms | Allocations: 5)
[Webpacker] Everything's up-to-date. Nothing to do
Completed 200 OK in 15ms (Views: 14.3ms | ActiveRecord: 0.0ms | Allocations: 3823)


Started GET "/" for 127.0.0.1 at 2020-03-28 12:21:30 -0400
Processing by HomepageController#index as HTML
  Rendering homepage/index.html.erb within layouts/application
  Rendered homepage/index.html.erb within layouts/application (Duration: 0.0ms | Allocations: 5)
[Webpacker] Everything's up-to-date. Nothing to do
Completed 200 OK in 6ms (Views: 5.0ms | ActiveRecord: 0.0ms | Allocations: 3817)


Started GET "/" for 127.0.0.1 at 2020-03-28 12:22:17 -0400
Processing by HomepageController#index as HTML
  Rendering homepage/index.html.erb within layouts/application
  Rendered homepage/index.html.erb within layouts/application (Duration: 0.6ms | Allocations: 71)
[Webpacker] Everything's up-to-date. Nothing to do
[Webpacker] Everything's up-to-date. Nothing to do
Completed 500 Internal Server Error in 28ms (ActiveRecord: 0.0ms | Allocations: 7495)


  
ActionView::Template::Error (Webpacker can't find Index in /Users/shashwatsingh/Desktop/quarantine2020/VirtualMeetup/public/packs/manifest.json. Possible causes:
1. You want to set webpacker.yml value of compile to true for your environment
   unless you are using the `webpack -w` or the webpack-dev-server.
2. webpack has not yet re-run to reflect updates.
3. You have misconfigured Webpacker's config/webpacker.yml file.
4. Your webpack configuration is not creating a manifest.
Your manifest contains:
{
  "application.js": "/packs/js/application-bbe9c4a129ab949e0636.js",
  "application.js.map": "/packs/js/application-bbe9c4a129ab949e0636.js.map",
  "entrypoints": {
    "application": {
      "js": [
        "/packs/js/application-bbe9c4a129ab949e0636.js"
      ],
      "js.map": [
        "/packs/js/application-bbe9c4a129ab949e0636.js.map"
      ]
    }
  }
}
):
     8:     <%= stylesheet_link_tag 'application', media: 'all', 'data-turbolinks-track': 'reload' %>
     9:     <%= javascript_pack_tag 'application', 'data-turbolinks-track': 'reload' %>
    10:     <meta name="viewport" content="width=device-width, initial-scale=1, shrink-to-fit=no">
    11:     <%= javascript_pack_tag 'Index' %>
    12:   </head>
    13: 
    14:   <body>
  
app/views/layouts/application.html.erb:11
Started GET "/" for 127.0.0.1 at 2020-03-28 12:22:27 -0400
Processing by HomepageController#index as HTML
  Rendering homepage/index.html.erb within layouts/application
  Rendered homepage/index.html.erb within layouts/application (Duration: 0.3ms | Allocations: 71)
[Webpacker] Everything's up-to-date. Nothing to do
Completed 200 OK in 21ms (Views: 19.2ms | ActiveRecord: 0.0ms | Allocations: 4811)


Started GET "/" for 127.0.0.1 at 2020-03-28 12:22:29 -0400
Processing by HomepageController#index as HTML
  Rendering homepage/index.html.erb within layouts/application
  Rendered homepage/index.html.erb within layouts/application (Duration: 0.0ms | Allocations: 4)
[Webpacker] Everything's up-to-date. Nothing to do
Completed 200 OK in 6ms (Views: 5.1ms | ActiveRecord: 0.0ms | Allocations: 3821)


Started GET "/" for 127.0.0.1 at 2020-03-28 12:22:46 -0400
Processing by HomepageController#index as HTML
  Rendering homepage/index.html.erb within layouts/application
  Rendered homepage/index.html.erb within layouts/application (Duration: 0.0ms | Allocations: 5)
[Webpacker] Everything's up-to-date. Nothing to do
Completed 200 OK in 8ms (Views: 7.1ms | ActiveRecord: 0.0ms | Allocations: 3818)


Started GET "/" for 127.0.0.1 at 2020-03-28 12:23:01 -0400
Processing by HomepageController#index as HTML
  Rendering homepage/index.html.erb within layouts/application
  Rendered homepage/index.html.erb within layouts/application (Duration: 0.4ms | Allocations: 71)
Completed 500 Internal Server Error in 10ms (ActiveRecord: 0.0ms | Allocations: 8945)


  
ActionView::Template::Error (The asset "application.js" is not present in the asset pipeline.):
     6:     <%= csp_meta_tag %>
     7: 
     8:     <%= stylesheet_link_tag    'application', media: 'all', 'data-turbolinks-track': 'reload' %>
     9:     <%= javascript_include_tag 'application', 'data-turbolinks-track': 'reload' %>
    10:     <meta name="viewport" content="width=device-width, initial-scale=1, shrink-to-fit=no">
    11:     <%= javascript_pack_tag 'Index' %>
    12:   </head>
  
app/views/layouts/application.html.erb:9
Started GET "/" for 127.0.0.1 at 2020-03-28 12:23:36 -0400
Processing by HomepageController#index as HTML
  Rendering homepage/index.html.erb within layouts/application
  Rendered homepage/index.html.erb within layouts/application (Duration: 0.4ms | Allocations: 71)
Completed 500 Internal Server Error in 23ms (ActiveRecord: 0.0ms | Allocations: 8949)


  
ActionView::Template::Error (The asset "application.js" is not present in the asset pipeline.):
     6:     <%= csp_meta_tag %>
     7: 
     8:     <%= stylesheet_link_tag    'application', media: 'all', 'data-turbolinks-track': 'reload' %>
     9:     <%= javascript_include_tag 'application', 'data-turbolinks-track': 'reload' %>
    10:     <meta name="viewport" content="width=device-width, initial-scale=1, shrink-to-fit=no">
    11:     <%= javascript_pack_tag 'Index' %>
    12:   </head>
  
app/views/layouts/application.html.erb:9
Started GET "/" for 127.0.0.1 at 2020-03-28 12:25:28 -0400
Processing by HomepageController#index as HTML
  Rendering homepage/index.html.erb within layouts/application
  Rendered homepage/index.html.erb within layouts/application (Duration: 0.4ms | Allocations: 71)
Completed 500 Internal Server Error in 11ms (ActiveRecord: 0.0ms | Allocations: 8929)


  
ActionView::Template::Error (The asset "application.js" is not present in the asset pipeline.):
     6:     <%= csp_meta_tag %>
     7: 
     8:     <%= stylesheet_link_tag    'application', media: 'all', 'data-turbolinks-track': 'reload' %>
     9:     <%= javascript_include_tag 'application', 'data-turbolinks-track': 'reload' %>
    10:   </head>
    11: 
    12:   <body>
  
app/views/layouts/application.html.erb:9
Started GET "/" for 127.0.0.1 at 2020-03-28 12:27:02 -0400
Processing by HomepageController#index as HTML
  Rendering homepage/index.html.erb within layouts/application
  Rendered homepage/index.html.erb within layouts/application (Duration: 0.9ms | Allocations: 190)
Completed 500 Internal Server Error in 44ms (ActiveRecord: 0.0ms | Allocations: 12143)


  
ActionView::Template::Error (The asset "application.js" is not present in the asset pipeline.):
     6:     <%= csp_meta_tag %>
     7: 
     8:     <%= stylesheet_link_tag    'application', media: 'all', 'data-turbolinks-track': 'reload' %>
     9:     <%= javascript_include_tag 'application', 'data-turbolinks-track': 'reload' %>
    10:     <meta name="viewport" content="width=device-width, initial-scale=1, shrink-to-fit=no">
    11:     <%= javascript_pack_tag 'Index' %>
    12:   </head>
  
app/views/layouts/application.html.erb:9
Started GET "/" for 127.0.0.1 at 2020-03-28 12:27:36 -0400
Processing by HomepageController#index as HTML
  Rendering homepage/index.html.erb within layouts/application
  Rendered homepage/index.html.erb within layouts/application (Duration: 2.4ms | Allocations: 190)
Completed 500 Internal Server Error in 43ms (ActiveRecord: 0.0ms | Allocations: 15348)


  
ActionView::Template::Error (The asset "application.js" is not present in the asset pipeline.):
     6:     <%= csp_meta_tag %>
     7: 
     8:     <%= stylesheet_link_tag    'application', media: 'all', 'data-turbolinks-track': 'reload' %>
     9:     <%= javascript_include_tag 'application', 'data-turbolinks-track': 'reload' %>
    10:     <meta name="viewport" content="width=device-width, initial-scale=1, shrink-to-fit=no">
    11:     <%= javascript_pack_tag 'Index' %>
    12:   </head>
  
app/views/layouts/application.html.erb:9
Started GET "/" for 127.0.0.1 at 2020-03-28 12:28:40 -0400
Processing by HomepageController#index as HTML
  Rendering homepage/index.html.erb within layouts/application
  Rendered homepage/index.html.erb within layouts/application (Duration: 0.0ms | Allocations: 5)
Completed 500 Internal Server Error in 13ms (ActiveRecord: 0.0ms | Allocations: 7964)


  
ActionView::Template::Error (The asset "application.js" is not present in the asset pipeline.):
     6:     <%= csp_meta_tag %>
     7: 
     8:     <%= stylesheet_link_tag    'application', media: 'all', 'data-turbolinks-track': 'reload' %>
     9:     <%= javascript_include_tag 'application', 'data-turbolinks-track': 'reload' %>
    10:     <meta name="viewport" content="width=device-width, initial-scale=1, shrink-to-fit=no">
    11:     <%= javascript_pack_tag 'Index' %>
    12:   </head>
  
app/views/layouts/application.html.erb:9
Started GET "/" for 127.0.0.1 at 2020-03-28 12:29:07 -0400
Processing by HomepageController#index as HTML
  Rendering homepage/index.html.erb within layouts/application
  Rendered homepage/index.html.erb within layouts/application (Duration: 0.3ms | Allocations: 72)
Completed 500 Internal Server Error in 8ms (ActiveRecord: 0.0ms | Allocations: 7746)


  
ActionView::Template::Error (The asset "application.js" is not present in the asset pipeline.):
     6:     <%= csp_meta_tag %>
     7: 
     8:     <%# <%= stylesheet_link_tag    'application', media: 'all', 'data-turbolinks-track': 'reload' %> %>
     9:     <%= javascript_include_tag 'application', 'data-turbolinks-track': 'reload' %>
    10:     <meta name="viewport" content="width=device-width, initial-scale=1, shrink-to-fit=no">
    11:     <%= javascript_pack_tag 'Index' %>
    12:   </head>
  
app/views/layouts/application.html.erb:9
Started GET "/" for 127.0.0.1 at 2020-03-28 12:31:19 -0400
Processing by HomepageController#index as HTML
  Rendering homepage/index.html.erb within layouts/application
  Rendered homepage/index.html.erb within layouts/application (Duration: 0.7ms | Allocations: 190)
[Webpacker] Everything's up-to-date. Nothing to do
[Webpacker] Everything's up-to-date. Nothing to do
Completed 500 Internal Server Error in 46ms (ActiveRecord: 0.0ms | Allocations: 13917)


  
ActionView::Template::Error (Webpacker can't find Index in /Users/shashwatsingh/Desktop/quarantine2020/VirtualMeetup/public/packs/manifest.json. Possible causes:
1. You want to set webpacker.yml value of compile to true for your environment
   unless you are using the `webpack -w` or the webpack-dev-server.
2. webpack has not yet re-run to reflect updates.
3. You have misconfigured Webpacker's config/webpacker.yml file.
4. Your webpack configuration is not creating a manifest.
Your manifest contains:
{
  "application.js": "/packs/js/application-bbe9c4a129ab949e0636.js",
  "application.js.map": "/packs/js/application-bbe9c4a129ab949e0636.js.map",
  "entrypoints": {
    "application": {
      "js": [
        "/packs/js/application-bbe9c4a129ab949e0636.js"
      ],
      "js.map": [
        "/packs/js/application-bbe9c4a129ab949e0636.js.map"
      ]
    }
  }
}
):
     8:     <%= stylesheet_link_tag    'application', media: 'all', 'data-turbolinks-track': 'reload' %>
     9:     <%= javascript_pack_tag 'application', 'data-turbolinks-track': 'reload' %>
    10:     <meta name="viewport" content="width=device-width, initial-scale=1, shrink-to-fit=no">
    11:     <%= javascript_pack_tag 'Index' %>
    12:   </head>
    13: 
    14:   <body>
  
app/views/layouts/application.html.erb:11
Started GET "/" for 127.0.0.1 at 2020-03-28 12:34:55 -0400
Processing by HomepageController#index as HTML
  Rendering homepage/index.html.erb within layouts/application
  Rendered homepage/index.html.erb within layouts/application (Duration: 0.1ms | Allocations: 5)
[Webpacker] Everything's up-to-date. Nothing to do
[Webpacker] Everything's up-to-date. Nothing to do
Completed 500 Internal Server Error in 13ms (ActiveRecord: 0.0ms | Allocations: 6518)


  
ActionView::Template::Error (Webpacker can't find Index in /Users/shashwatsingh/Desktop/quarantine2020/VirtualMeetup/public/packs/manifest.json. Possible causes:
1. You want to set webpacker.yml value of compile to true for your environment
   unless you are using the `webpack -w` or the webpack-dev-server.
2. webpack has not yet re-run to reflect updates.
3. You have misconfigured Webpacker's config/webpacker.yml file.
4. Your webpack configuration is not creating a manifest.
Your manifest contains:
{
  "application.js": "/packs/js/application-bbe9c4a129ab949e0636.js",
  "application.js.map": "/packs/js/application-bbe9c4a129ab949e0636.js.map",
  "entrypoints": {
    "application": {
      "js": [
        "/packs/js/application-bbe9c4a129ab949e0636.js"
      ],
      "js.map": [
        "/packs/js/application-bbe9c4a129ab949e0636.js.map"
      ]
    }
  }
}
):
     8:     <%= stylesheet_link_tag    'application', media: 'all', 'data-turbolinks-track': 'reload' %>
     9:     <%= javascript_pack_tag 'application', 'data-turbolinks-track': 'reload' %>
    10:     <meta name="viewport" content="width=device-width, initial-scale=1, shrink-to-fit=no">
    11:     <%= javascript_pack_tag 'Index' %>
    12:   </head>
    13: 
    14:   <body>
  
app/views/layouts/application.html.erb:11
Started GET "/" for 127.0.0.1 at 2020-03-28 12:42:47 -0400
Processing by HomepageController#index as HTML
  Rendering homepage/index.html.erb within layouts/application
  Rendered homepage/index.html.erb within layouts/application (Duration: 0.0ms | Allocations: 5)
Completed 500 Internal Server Error in 11ms (ActiveRecord: 0.0ms | Allocations: 4297)


  
ActionView::Template::Error (Webpacker can't find Index in /Users/shashwatsingh/Desktop/quarantine2020/VirtualMeetup/public/packs/manifest.json. Possible causes:
1. You want to set webpacker.yml value of compile to true for your environment
   unless you are using the `webpack -w` or the webpack-dev-server.
2. webpack has not yet re-run to reflect updates.
3. You have misconfigured Webpacker's config/webpacker.yml file.
4. Your webpack configuration is not creating a manifest.
Your manifest contains:
{
  "application.js": "/packs/js/application-0cd4a89c4127a4aeb17a.js",
  "application.js.map": "/packs/js/application-0cd4a89c4127a4aeb17a.js.map",
  "entrypoints": {
    "application": {
      "js": [
        "/packs/js/application-0cd4a89c4127a4aeb17a.js"
      ],
      "js.map": [
        "/packs/js/application-0cd4a89c4127a4aeb17a.js.map"
      ]
    }
  }
}
):
     8:     <%= stylesheet_link_tag    'application', media: 'all', 'data-turbolinks-track': 'reload' %>
     9:     <%= javascript_pack_tag 'application', 'data-turbolinks-track': 'reload' %>
    10:     <meta name="viewport" content="width=device-width, initial-scale=1, shrink-to-fit=no">
    11:     <%= javascript_pack_tag 'Index' %>
    12:   </head>
    13: 
    14:   <body>
  
app/views/layouts/application.html.erb:11
Started GET "/" for 127.0.0.1 at 2020-03-28 12:43:01 -0400
Processing by HomepageController#index as HTML
  Rendering homepage/index.html.erb within layouts/application
  Rendered homepage/index.html.erb within layouts/application (Duration: 0.8ms | Allocations: 190)
Completed 500 Internal Server Error in 66ms (ActiveRecord: 0.0ms | Allocations: 11722)


  
ActionView::Template::Error (Webpacker can't find Index in /Users/shashwatsingh/Desktop/quarantine2020/VirtualMeetup/public/packs/manifest.json. Possible causes:
1. You want to set webpacker.yml value of compile to true for your environment
   unless you are using the `webpack -w` or the webpack-dev-server.
2. webpack has not yet re-run to reflect updates.
3. You have misconfigured Webpacker's config/webpacker.yml file.
4. Your webpack configuration is not creating a manifest.
Your manifest contains:
{
  "application.js": "/packs/js/application-0cd4a89c4127a4aeb17a.js",
  "application.js.map": "/packs/js/application-0cd4a89c4127a4aeb17a.js.map",
  "entrypoints": {
    "application": {
      "js": [
        "/packs/js/application-0cd4a89c4127a4aeb17a.js"
      ],
      "js.map": [
        "/packs/js/application-0cd4a89c4127a4aeb17a.js.map"
      ]
    }
  }
}
):
     8:     <%= stylesheet_link_tag    'application', media: 'all', 'data-turbolinks-track': 'reload' %>
     9:     <%= javascript_pack_tag 'application', 'data-turbolinks-track': 'reload' %>
    10:     <meta name="viewport" content="width=device-width, initial-scale=1, shrink-to-fit=no">
    11:     <%= javascript_pack_tag 'Index' %>
    12:   </head>
    13: 
    14:   <body>
  
app/views/layouts/application.html.erb:11
Started GET "/" for 127.0.0.1 at 2020-03-28 12:44:08 -0400
Processing by HomepageController#index as HTML
  Rendering homepage/index.html.erb within layouts/application
  Rendered homepage/index.html.erb within layouts/application (Duration: 1.3ms | Allocations: 190)
Completed 500 Internal Server Error in 39ms (ActiveRecord: 0.0ms | Allocations: 11724)


  
ActionView::Template::Error (Webpacker can't find Index in /Users/shashwatsingh/Desktop/quarantine2020/VirtualMeetup/public/packs/manifest.json. Possible causes:
1. You want to set webpacker.yml value of compile to true for your environment
   unless you are using the `webpack -w` or the webpack-dev-server.
2. webpack has not yet re-run to reflect updates.
3. You have misconfigured Webpacker's config/webpacker.yml file.
4. Your webpack configuration is not creating a manifest.
Your manifest contains:
{
  "application.js": "/packs/js/application-0cd4a89c4127a4aeb17a.js",
  "application.js.map": "/packs/js/application-0cd4a89c4127a4aeb17a.js.map",
  "entrypoints": {
    "application": {
      "js": [
        "/packs/js/application-0cd4a89c4127a4aeb17a.js"
      ],
      "js.map": [
        "/packs/js/application-0cd4a89c4127a4aeb17a.js.map"
      ]
    }
  }
}
):
     8:     <%= stylesheet_link_tag    'application', media: 'all', 'data-turbolinks-track': 'reload' %>
     9:     <%= javascript_pack_tag 'application', 'data-turbolinks-track': 'reload' %>
    10:     <meta name="viewport" content="width=device-width, initial-scale=1, shrink-to-fit=no">
    11:     <%= javascript_pack_tag 'Index' %>
    12:   </head>
    13: 
    14:   <body>
  
app/views/layouts/application.html.erb:11
Started GET "/" for 127.0.0.1 at 2020-03-28 12:55:12 -0400
Processing by HomepageController#index as HTML
  Rendering homepage/index.html.erb within layouts/application
  Rendered homepage/index.html.erb within layouts/application (Duration: 0.9ms | Allocations: 190)
Completed 200 OK in 110ms (Views: 54.8ms | ActiveRecord: 0.0ms | Allocations: 10708)


Started GET "/" for 127.0.0.1 at 2020-03-28 12:55:30 -0400
Processing by HomepageController#index as HTML
  Rendering homepage/index.html.erb within layouts/application
  Rendered homepage/index.html.erb within layouts/application (Duration: 0.2ms | Allocations: 72)
Completed 200 OK in 23ms (Views: 21.7ms | ActiveRecord: 0.0ms | Allocations: 4606)


Started GET "/" for 127.0.0.1 at 2020-03-28 12:56:33 -0400
Processing by HomepageController#index as HTML
  Rendering homepage/index.html.erb within layouts/application
  Rendered homepage/index.html.erb within layouts/application (Duration: 0.0ms | Allocations: 5)
Completed 200 OK in 8ms (Views: 7.4ms | ActiveRecord: 0.0ms | Allocations: 3600)


Started GET "/" for 127.0.0.1 at 2020-03-28 12:56:47 -0400
Processing by HomepageController#index as HTML
  Rendering homepage/index.html.erb within layouts/application
  Rendered homepage/index.html.erb within layouts/application (Duration: 0.0ms | Allocations: 5)
Completed 200 OK in 13ms (Views: 12.4ms | ActiveRecord: 0.0ms | Allocations: 3590)


Started GET "/" for 127.0.0.1 at 2020-03-28 12:58:17 -0400
Processing by HomepageController#index as HTML
  Rendering homepage/index.html.erb within layouts/application
  Rendered homepage/index.html.erb within layouts/application (Duration: 0.2ms | Allocations: 4)
Completed 200 OK in 44ms (Views: 43.8ms | ActiveRecord: 0.0ms | Allocations: 3585)


Started GET "/" for 127.0.0.1 at 2020-03-28 12:58:33 -0400
Processing by HomepageController#index as HTML
  Rendering homepage/index.html.erb within layouts/application
  Rendered homepage/index.html.erb within layouts/application (Duration: 0.0ms | Allocations: 5)
Completed 200 OK in 32ms (Views: 30.8ms | ActiveRecord: 0.0ms | Allocations: 3595)


Started GET "/" for 127.0.0.1 at 2020-03-28 12:59:02 -0400
Processing by HomepageController#index as HTML
  Rendering homepage/index.html.erb within layouts/application
  Rendered homepage/index.html.erb within layouts/application (Duration: 0.0ms | Allocations: 4)
Completed 200 OK in 9ms (Views: 8.7ms | ActiveRecord: 0.0ms | Allocations: 3587)


Started GET "/" for 127.0.0.1 at 2020-03-28 12:59:10 -0400
Processing by HomepageController#index as HTML
  Rendering homepage/index.html.erb within layouts/application
  Rendered homepage/index.html.erb within layouts/application (Duration: 0.0ms | Allocations: 4)
Completed 200 OK in 18ms (Views: 17.6ms | ActiveRecord: 0.0ms | Allocations: 3591)


Started GET "/" for 127.0.0.1 at 2020-03-28 12:59:14 -0400
Processing by HomepageController#index as HTML
  Rendering homepage/index.html.erb within layouts/application
  Rendered homepage/index.html.erb within layouts/application (Duration: 0.1ms | Allocations: 4)
Completed 200 OK in 31ms (Views: 29.6ms | ActiveRecord: 0.0ms | Allocations: 3590)


Started GET "/" for 127.0.0.1 at 2020-03-28 12:59:17 -0400
Processing by HomepageController#index as HTML
  Rendering homepage/index.html.erb within layouts/application
  Rendered homepage/index.html.erb within layouts/application (Duration: 0.0ms | Allocations: 4)
Completed 200 OK in 10ms (Views: 8.9ms | ActiveRecord: 0.0ms | Allocations: 3593)


Started GET "/" for 127.0.0.1 at 2020-03-28 12:59:27 -0400
Processing by HomepageController#index as HTML
  Rendering homepage/index.html.erb within layouts/application
  Rendered homepage/index.html.erb within layouts/application (Duration: 0.0ms | Allocations: 4)
Completed 200 OK in 13ms (Views: 11.7ms | ActiveRecord: 0.0ms | Allocations: 3590)


Started GET "/" for 127.0.0.1 at 2020-03-28 13:02:14 -0400
Processing by HomepageController#index as HTML
  Rendering homepage/index.html.erb within layouts/application
  Rendered homepage/index.html.erb within layouts/application (Duration: 0.1ms | Allocations: 4)
Completed 200 OK in 10ms (Views: 9.7ms | ActiveRecord: 0.0ms | Allocations: 3585)


Started GET "/" for 127.0.0.1 at 2020-03-28 13:02:49 -0400
Processing by HomepageController#index as HTML
  Rendering homepage/index.html.erb within layouts/application
  Rendered homepage/index.html.erb within layouts/application (Duration: 0.0ms | Allocations: 4)
Completed 200 OK in 12ms (Views: 10.8ms | ActiveRecord: 0.0ms | Allocations: 3586)


